<?xml version="1.0" encoding="UTF-8"?>
<testng-results ignored="0" total="3" passed="3" failed="0" skipped="0">
  <reporter-output>
    <line>
      <![CDATA[Facebook – log in or sign up]]>
    </line>
    <line>
      <![CDATA[https://www.facebook.com/]]>
    </line>
    <line>
      <![CDATA[Facebook – log in or sign up]]>
    </line>
    <line>
      <![CDATA[https://www.facebook.com/]]>
    </line>
    <line>
      <![CDATA[Facebook – log in or sign up]]>
    </line>
    <line>
      <![CDATA[https://www.facebook.com/]]>
    </line>
  </reporter-output>
  <suite started-at="2022-04-21T17:47:31 IST" name="Suite" finished-at="2022-04-21T17:48:04 IST" duration-ms="32941">
    <groups>
    </groups>
    <test started-at="2022-04-21T17:47:31 IST" name="Test3" finished-at="2022-04-21T17:47:46 IST" duration-ms="14540">
      <class name="testNG.Parrallel">
        <test-method signature="tc1(java.lang.String)[pri:0, instance:testNG.Parrallel@3911c2a7]" started-at="2022-04-21T17:47:31 IST" name="tc1" finished-at="2022-04-21T17:47:46 IST" duration-ms="14467" status="PASS">
          <params>
            <param index="0">
              <value>
                <![CDATA[chrome]]>
              </value>
            </param>
          </params>
          <reporter-output>
            <line>
              <![CDATA[Facebook – log in or sign up]]>
            </line>
            <line>
              <![CDATA[https://www.facebook.com/]]>
            </line>
          </reporter-output>
        </test-method> <!-- tc1 -->
      </class> <!-- testNG.Parrallel -->
    </test> <!-- Test3 -->
    <test started-at="2022-04-21T17:47:31 IST" name="Test1" finished-at="2022-04-21T17:47:47 IST" duration-ms="15727">
      <class name="testNG.Parrallel">
        <test-method signature="tc1(java.lang.String)[pri:0, instance:testNG.Parrallel@79b06cab]" started-at="2022-04-21T17:47:31 IST" name="tc1" finished-at="2022-04-21T17:47:47 IST" duration-ms="15657" status="PASS">
          <params>
            <param index="0">
              <value>
                <![CDATA[chrome]]>
              </value>
            </param>
          </params>
          <reporter-output>
            <line>
              <![CDATA[Facebook – log in or sign up]]>
            </line>
            <line>
              <![CDATA[https://www.facebook.com/]]>
            </line>
          </reporter-output>
        </test-method> <!-- tc1 -->
      </class> <!-- testNG.Parrallel -->
    </test> <!-- Test1 -->
    <test started-at="2022-04-21T17:47:31 IST" name="Test2" finished-at="2022-04-21T17:48:04 IST" duration-ms="32941">
      <class name="testNG.Parrallel">
        <test-method signature="tc1(java.lang.String)[pri:0, instance:testNG.Parrallel@1817d444]" started-at="2022-04-21T17:47:31 IST" name="tc1" finished-at="2022-04-21T17:48:04 IST" duration-ms="32872" status="PASS">
          <params>
            <param index="0">
              <value>
                <![CDATA[firefox]]>
              </value>
            </param>
          </params>
          <reporter-output>
            <line>
              <![CDATA[Facebook – log in or sign up]]>
            </line>
            <line>
              <![CDATA[https://www.facebook.com/]]>
            </line>
          </reporter-output>
        </test-method> <!-- tc1 -->
      </class> <!-- testNG.Parrallel -->
    </test> <!-- Test2 -->
  </suite> <!-- Suite -->
</testng-results>
